2025-04-10 18:46:24,563 - INFO - [31m[1mWARNING: This is a development server. Do not use it in a production deployment. Use a production WSGI server instead.[0m
 * Running on http://localhost:5000
2025-04-10 18:46:24,564 - INFO - [33mPress CTRL+C to quit[0m
2025-04-10 18:46:28,645 - INFO - Business notification received
2025-04-10 18:46:28,645 - INFO - Y2 Webservice start call
2025-04-10 18:46:28,647 - DEBUG - Starting new HTTPS connection (1): 99980006-test-retail-ondemand.cegid.cloud:443
2025-04-10 18:46:28,919 - DEBUG - https://99980006-test-retail-ondemand.cegid.cloud:443 "GET /Y2//99980006_002_TEST/api/customers/v2/FR00400000695?fields=Address&fields=Communication&fields=Identification&fields=Informations&fields=SystemFields HTTP/11" 200 1693
2025-04-10 18:46:28,922 - INFO - Y2 Webservice end call
2025-04-10 18:46:28,922 - INFO - Start Mapping
2025-04-10 18:46:28,922 - ERROR - An error occured: list index out of range
2025-04-10 18:46:28,923 - INFO - 127.0.0.1 - - [10/Apr/2025 18:46:28] "[35m[1mPOST /customers HTTP/1.1[0m" 500 -
2025-04-10 18:46:30,435 - INFO - Business notification received
2025-04-10 18:46:30,435 - INFO - Y2 Webservice start call
2025-04-10 18:46:30,436 - DEBUG - Starting new HTTPS connection (1): 99980006-test-retail-ondemand.cegid.cloud:443
2025-04-10 18:46:30,696 - DEBUG - https://99980006-test-retail-ondemand.cegid.cloud:443 "GET /Y2//99980006_002_TEST/api/customers/v2/FR00400000695?fields=Address&fields=Communication&fields=Identification&fields=Informations&fields=SystemFields HTTP/11" 200 1693
2025-04-10 18:46:30,697 - INFO - Y2 Webservice end call
2025-04-10 18:46:30,697 - INFO - Start Mapping
2025-04-10 18:46:30,697 - ERROR - An error occured: list index out of range
2025-04-10 18:46:30,698 - INFO - 127.0.0.1 - - [10/Apr/2025 18:46:30] "[35m[1mPOST /customers HTTP/1.1[0m" 500 -
2025-04-10 18:47:54,332 - INFO - [31m[1mWARNING: This is a development server. Do not use it in a production deployment. Use a production WSGI server instead.[0m
 * Running on http://localhost:5000
2025-04-10 18:47:54,332 - INFO - [33mPress CTRL+C to quit[0m
2025-04-10 18:47:55,979 - INFO - Business notification received
2025-04-10 18:47:55,979 - INFO - Y2 Webservice start call
2025-04-10 18:47:55,982 - DEBUG - Starting new HTTPS connection (1): 99980006-test-retail-ondemand.cegid.cloud:443
2025-04-10 18:47:56,285 - DEBUG - https://99980006-test-retail-ondemand.cegid.cloud:443 "GET /Y2//99980006_002_TEST/api/customers/v2/FR00400000695?fields=Address&fields=Communication&fields=Identification&fields=Informations&fields=SystemFields HTTP/11" 200 1693
2025-04-10 18:47:56,287 - INFO - Y2 Webservice end call
2025-04-10 18:47:56,287 - INFO - Start Mapping
2025-04-10 18:47:56,287 - INFO - End mapping
2025-04-10 18:47:56,288 - INFO - 127.0.0.1 - - [10/Apr/2025 18:47:56] "POST /customers HTTP/1.1" 200 -
2025-04-10 18:48:30,616 - INFO - [31m[1mWARNING: This is a development server. Do not use it in a production deployment. Use a production WSGI server instead.[0m
 * Running on http://localhost:5000
2025-04-10 18:48:30,616 - INFO - [33mPress CTRL+C to quit[0m
2025-04-10 18:48:32,725 - INFO - Business notification received
2025-04-10 18:48:32,726 - INFO - Y2 Webservice start call
2025-04-10 18:48:32,727 - DEBUG - Starting new HTTPS connection (1): 99980006-test-retail-ondemand.cegid.cloud:443
2025-04-10 18:48:32,939 - DEBUG - https://99980006-test-retail-ondemand.cegid.cloud:443 "GET /Y2//99980006_002_TEST/api/customers/v2/FR00400000695?fields=Address&fields=Communication&fields=Identification&fields=Informations&fields=SystemFields HTTP/11" 200 1693
2025-04-10 18:48:32,941 - INFO - Y2 Webservice end call
2025-04-10 18:48:32,941 - INFO - Start Mapping
2025-04-10 18:48:32,941 - ERROR - An error occured: list index out of range
2025-04-10 18:48:32,941 - INFO - 127.0.0.1 - - [10/Apr/2025 18:48:32] "[35m[1mPOST /customers HTTP/1.1[0m" 500 -
2025-04-10 18:52:40,482 - INFO - [31m[1mWARNING: This is a development server. Do not use it in a production deployment. Use a production WSGI server instead.[0m
 * Running on http://localhost:5000
2025-04-10 18:52:40,482 - INFO - [33mPress CTRL+C to quit[0m
2025-04-10 18:52:44,746 - INFO - Business notification received
2025-04-10 18:52:44,746 - INFO - Y2 Webservice start call
2025-04-10 18:52:44,747 - DEBUG - Starting new HTTPS connection (1): 99980006-test-retail-ondemand.cegid.cloud:443
2025-04-10 18:52:45,317 - DEBUG - https://99980006-test-retail-ondemand.cegid.cloud:443 "GET /Y2//99980006_002_TEST/api/customers/v2/FR00400000695?fields=Address&fields=Communication&fields=Identification&fields=Informations&fields=SystemFields HTTP/11" 200 1693
2025-04-10 18:52:45,319 - INFO - Y2 Webservice end call
2025-04-10 18:52:45,319 - INFO - Start Mapping
2025-04-10 18:52:45,319 - INFO - End mapping
2025-04-10 18:52:45,321 - INFO - 127.0.0.1 - - [10/Apr/2025 18:52:45] "POST /customers HTTP/1.1" 200 -
2025-04-10 18:53:17,445 - INFO - [31m[1mWARNING: This is a development server. Do not use it in a production deployment. Use a production WSGI server instead.[0m
 * Running on http://localhost:5000
2025-04-10 18:53:17,445 - INFO - [33mPress CTRL+C to quit[0m
2025-04-10 18:53:19,267 - INFO - Business notification received
2025-04-10 18:53:19,267 - INFO - Y2 Webservice start call
2025-04-10 18:53:19,269 - DEBUG - Starting new HTTPS connection (1): 99980006-test-retail-ondemand.cegid.cloud:443
2025-04-10 18:53:20,124 - DEBUG - https://99980006-test-retail-ondemand.cegid.cloud:443 "GET /Y2//99980006_002_TEST/api/customers/v2/FR00400000695?fields=Address&fields=Communication&fields=Identification&fields=Informations&fields=SystemFields HTTP/11" 200 1693
2025-04-10 18:53:20,126 - INFO - Y2 Webservice end call
2025-04-10 18:53:20,126 - INFO - Start Mapping
2025-04-10 18:53:20,126 - ERROR - An error occured: 'lastname'
2025-04-10 18:53:20,127 - INFO - 127.0.0.1 - - [10/Apr/2025 18:53:20] "[35m[1mPOST /customers HTTP/1.1[0m" 500 -
2025-04-10 18:54:26,590 - INFO - [31m[1mWARNING: This is a development server. Do not use it in a production deployment. Use a production WSGI server instead.[0m
 * Running on http://localhost:5000
2025-04-10 18:54:26,590 - INFO - [33mPress CTRL+C to quit[0m
2025-04-10 18:54:30,713 - INFO - Business notification received
2025-04-10 18:54:30,713 - INFO - Y2 Webservice start call
2025-04-10 18:54:30,715 - DEBUG - Starting new HTTPS connection (1): 99980006-test-retail-ondemand.cegid.cloud:443
2025-04-10 18:54:30,929 - DEBUG - https://99980006-test-retail-ondemand.cegid.cloud:443 "GET /Y2//99980006_002_TEST/api/customers/v2/FR00400000695?fields=Address&fields=Communication&fields=Identification&fields=Informations&fields=SystemFields HTTP/11" 200 1693
2025-04-10 18:54:30,930 - INFO - Y2 Webservice end call
2025-04-10 18:54:30,930 - INFO - Start Mapping
2025-04-10 18:54:30,930 - INFO - End mapping
2025-04-10 18:54:30,932 - INFO - 127.0.0.1 - - [10/Apr/2025 18:54:30] "POST /customers HTTP/1.1" 200 -
2025-04-10 18:55:19,773 - INFO - [31m[1mWARNING: This is a development server. Do not use it in a production deployment. Use a production WSGI server instead.[0m
 * Running on http://localhost:5000
2025-04-10 18:55:19,773 - INFO - [33mPress CTRL+C to quit[0m
2025-04-10 18:55:21,236 - INFO - Business notification received
2025-04-10 18:55:21,236 - INFO - Y2 Webservice start call
2025-04-10 18:55:21,238 - DEBUG - Starting new HTTPS connection (1): 99980006-test-retail-ondemand.cegid.cloud:443
2025-04-10 18:55:21,489 - DEBUG - https://99980006-test-retail-ondemand.cegid.cloud:443 "GET /Y2//99980006_002_TEST/api/customers/v2/FR00400000695?fields=Address&fields=Communication&fields=Identification&fields=Informations&fields=SystemFields HTTP/11" 200 1693
2025-04-10 18:55:21,490 - INFO - Y2 Webservice end call
2025-04-10 18:55:21,490 - INFO - Start Mapping
2025-04-10 18:55:21,490 - INFO - End mapping
2025-04-10 18:55:21,490 - INFO - 127.0.0.1 - - [10/Apr/2025 18:55:21] "POST /customers HTTP/1.1" 200 -
2025-04-10 19:01:10,828 - INFO - [31m[1mWARNING: This is a development server. Do not use it in a production deployment. Use a production WSGI server instead.[0m
 * Running on http://localhost:5000
2025-04-10 19:01:10,828 - INFO - [33mPress CTRL+C to quit[0m
2025-04-10 19:01:18,972 - INFO - Business notification received
2025-04-10 19:01:18,972 - INFO - Y2 Webservice start call
2025-04-10 19:01:18,973 - DEBUG - Starting new HTTPS connection (1): 99980006-test-retail-ondemand.cegid.cloud:443
2025-04-10 19:01:19,232 - DEBUG - https://99980006-test-retail-ondemand.cegid.cloud:443 "GET /Y2//99980006_002_TEST/api/customers/v2/FR00400000695?fields=Address&fields=Communication&fields=Identification&fields=Informations&fields=SystemFields HTTP/11" 200 1693
2025-04-10 19:01:19,234 - INFO - Y2 Webservice end call
2025-04-10 19:01:19,234 - INFO - Start Mapping
2025-04-10 19:01:19,234 - INFO - End mapping
2025-04-10 19:01:19,234 - INFO - Start Klaviyo webservice call
2025-04-10 19:01:19,234 - ERROR - An error occured: cannot access local variable 'url' where it is not associated with a value
2025-04-10 19:01:19,235 - INFO - 127.0.0.1 - - [10/Apr/2025 19:01:19] "[35m[1mPOST /customers HTTP/1.1[0m" 500 -
2025-04-10 19:02:50,446 - INFO - [31m[1mWARNING: This is a development server. Do not use it in a production deployment. Use a production WSGI server instead.[0m
 * Running on http://localhost:5000
2025-04-10 19:02:50,446 - INFO - [33mPress CTRL+C to quit[0m
2025-04-10 19:02:52,501 - INFO - Business notification received
2025-04-10 19:02:52,501 - INFO - Y2 Webservice start call
2025-04-10 19:02:52,502 - DEBUG - Starting new HTTPS connection (1): 99980006-test-retail-ondemand.cegid.cloud:443
2025-04-10 19:02:52,743 - DEBUG - https://99980006-test-retail-ondemand.cegid.cloud:443 "GET /Y2//99980006_002_TEST/api/customers/v2/FR00400000695?fields=Address&fields=Communication&fields=Identification&fields=Informations&fields=SystemFields HTTP/11" 200 1693
2025-04-10 19:02:52,745 - INFO - Y2 Webservice end call
2025-04-10 19:02:52,745 - INFO - Start Mapping
2025-04-10 19:02:52,745 - INFO - End mapping
2025-04-10 19:02:52,745 - INFO - Start Klaviyo webservice call
2025-04-10 19:02:52,752 - DEBUG - Starting new HTTPS connection (1): a.klaviyo.com:443
2025-04-10 19:02:52,940 - DEBUG - https://a.klaviyo.com:443 "POST /api/profiles HTTP/11" 415 234
2025-04-10 19:02:52,941 - INFO - End Klaviyo webservice call
2025-04-10 19:02:52,942 - INFO - 127.0.0.1 - - [10/Apr/2025 19:02:52] "POST /customers HTTP/1.1" 200 -
2025-04-10 19:04:32,337 - INFO - [31m[1mWARNING: This is a development server. Do not use it in a production deployment. Use a production WSGI server instead.[0m
 * Running on http://localhost:5000
2025-04-10 19:04:32,337 - INFO - [33mPress CTRL+C to quit[0m
2025-04-10 19:04:35,654 - INFO - Business notification received
2025-04-10 19:04:35,654 - INFO - Y2 Webservice start call
2025-04-10 19:04:35,656 - DEBUG - Starting new HTTPS connection (1): 99980006-test-retail-ondemand.cegid.cloud:443
2025-04-10 19:04:35,898 - DEBUG - https://99980006-test-retail-ondemand.cegid.cloud:443 "GET /Y2//99980006_002_TEST/api/customers/v2/FR00400000695?fields=Address&fields=Communication&fields=Identification&fields=Informations&fields=SystemFields HTTP/11" 200 1693
2025-04-10 19:04:35,900 - INFO - Y2 Webservice end call
2025-04-10 19:04:35,900 - INFO - Start Mapping
2025-04-10 19:04:35,900 - INFO - End mapping
2025-04-10 19:04:35,900 - INFO - Start Klaviyo webservice call
2025-04-10 19:04:35,902 - DEBUG - Starting new HTTPS connection (1): a.klaviyo.com:443
2025-04-10 19:04:36,097 - DEBUG - https://a.klaviyo.com:443 "POST /api/profiles HTTP/11" 400 206
2025-04-10 19:04:36,098 - INFO - End Klaviyo webservice call
2025-04-10 19:04:36,098 - INFO - 127.0.0.1 - - [10/Apr/2025 19:04:36] "POST /customers HTTP/1.1" 200 -
